*** Using Compiler 'V5.06 update 6 (build 750)', folder: 'C:\Keil_v5\ARM\ARMCC\Bin'
Rebuild target 'STM32WORK'
assembling startup_stm32f407xx.s...
compiling rs485_drv.c...
compiling gpio.c...
compiling temp_humi.c...
compiling main.c...
compiling freertos.c...
compiling crc.c...
compiling cpu.c...
compiling usart.c...
compiling stm32f4xx_it.c...
compiling stm32f4xx_hal_crc.c...
compiling stm32f4xx_hal_rcc_ex.c...
compiling stm32f4xx_hal_flash.c...
compiling stm32f4xx_hal_timebase_tim.c...
compiling stm32f4xx_hal_msp.c...
compiling stm32f4xx_hal_rcc.c...
compiling stm32f4xx_hal_flash_ex.c...
compiling stm32f4xx_hal_gpio.c...
compiling stm32f4xx_hal_dma.c...
compiling stm32f4xx_hal_dma_ex.c...
compiling stm32f4xx_hal_flash_ramfunc.c...
compiling stm32f4xx_hal_pwr_ex.c...
compiling stm32f4xx_hal_cortex.c...
compiling stm32f4xx_hal_pwr.c...
compiling croutine.c...
compiling event_groups.c...
compiling list.c...
compiling queue.c...
compiling stream_buffer.c...
compiling tasks.c...
compiling timers.c...
compiling heap_4.c...
compiling stm32f4xx_hal.c...
compiling cmsis_os.c...
compiling port.c...
compiling stm32f4xx_hal_uart.c...
compiling system_stm32f4xx.c...
compiling stm32f4xx_hal_tim_ex.c...
compiling stm32f4xx_hal_tim.c...
compiling stm32f4xx_hal_exti.c...
linking...
Program Size: Code=15408 RO-data=660 RW-data=176 ZI-data=18352  
FromELF: creating hex file...
"STM32WORK\STM32WORK.axf" - 0 Error(s), 0 Warning(s).
Build Time Elapsed:  00:01:12
